\BOOKMARK [1][-]{section.1}{\376\377\122\051\165\050\200\005\124\021\060\121\116\325\151\330\146\370}{}% 1
\BOOKMARK [2][-]{subsection.1.1}{\376\377\060\267\060\271\060\306\060\340\151\202\211\201}{section.1}% 2
\BOOKMARK [2][-]{subsection.1.2}{\376\377\122\051\165\050\145\271\154\325}{section.1}% 3
\BOOKMARK [2][-]{subsection.1.3}{\376\377\144\315\117\134\145\271\154\325}{section.1}% 4
\BOOKMARK [3][-]{subsubsection.1.3.1}{\376\377\116\000\211\247\165\073\227\142}{subsection.1.3}% 5
\BOOKMARK [3][-]{subsubsection.1.3.2}{\376\377\212\163\175\060\210\150\171\072}{subsection.1.3}% 6
\BOOKMARK [3][-]{subsubsection.1.3.3}{\376\377\145\260\211\217\166\173\223\062}{subsection.1.3}% 7
\BOOKMARK [3][-]{subsubsection.1.3.4}{\376\377\140\305\130\061\175\350\226\306}{subsection.1.3}% 8
\BOOKMARK [3][-]{subsubsection.1.3.5}{\376\377\122\112\226\144}{subsection.1.3}% 9
\BOOKMARK [1][-]{section.2}{\376\377\173\241\164\006\200\005\124\021\060\121\116\325\151\330\146\370}{}% 10
\BOOKMARK [2][-]{subsection.2.1}{\376\377\060\267\060\271\060\306\060\340\151\202\211\201}{section.2}% 11
\BOOKMARK [2][-]{subsection.2.2}{\376\377\122\325\117\134\164\260\130\203}{section.2}% 12
\BOOKMARK [2][-]{subsection.2.3}{\376\377\134\016\121\145\142\113\230\006}{section.2}% 13
\BOOKMARK [2][-]{subsection.2.4}{\376\377\220\113\165\050\144\315\117\134}{section.2}% 14
\BOOKMARK [3][-]{subsubsection.2.4.1}{\376\377\215\167\122\325\060\150\120\134\153\142}{subsection.2.4}% 15
\BOOKMARK [2][-]{subsection.2.5}{\376\377\220\113\165\050\116\012\060\156\154\350\141\017}{section.2}% 16
\BOOKMARK [1][-]{section.3}{\376\377\225\213\166\172\200\005\124\021\060\121\116\325\151\330\146\370}{}% 17
\BOOKMARK [2][-]{subsection.3.1}{\376\377\060\325\060\241\060\244\060\353\151\313\142\020}{section.3}% 18
\BOOKMARK [1][-]{section.4}{\376\377\225\213\166\172\200\005\124\021\060\121\116\325\151\330\146\370}{}% 19
\BOOKMARK [2][-]{subsection.4.1}{\376\377\060\325\060\241\060\244\060\353\151\313\142\020}{section.4}% 20
\BOOKMARK [2][-]{subsection.4.2}{\376\377\060\267\060\271\060\306\060\340\0001\000:\000\040\060\106\060\176\060\104\150\322\173\241\164\006\060\267\060\271\060\306\060\340}{section.4}% 21
\BOOKMARK [3][-]{subsubsection.4.2.1}{\376\377\060\307\060\374\060\277\151\313\220\040}{subsection.4.2}% 22
\BOOKMARK [3][-]{subsubsection.4.2.2}{\376\377\165\073\227\142\220\167\171\373\060\150\060\352\060\275\060\374\060\271\212\055\212\010}{subsection.4.2}% 23
\BOOKMARK [2][-]{subsection.4.3}{\376\377\060\267\060\271\060\306\060\340\0002\000:\000\040\060\271\060\336\060\326\060\351\060\255\060\343\060\351\116\000\211\247\060\267\060\271\060\306\060\340}{section.4}% 24
\BOOKMARK [3][-]{subsubsection.4.3.1}{\376\377\060\307\060\374\060\277\151\313\220\040}{subsection.4.3}% 25
\BOOKMARK [3][-]{subsubsection.4.3.2}{\376\377\165\073\227\142\220\167\171\373\060\150\060\352\060\275\060\374\060\271\212\055\212\010}{subsection.4.3}% 26
\BOOKMARK [2][-]{subsection.4.4}{\376\377\060\267\060\271\060\306\060\340\0003\000:\000\040\060\271\060\327\060\351\060\310\060\245\060\374\060\363\153\146\126\150\116\000\211\247\060\267\060\271\060\306\060\340}{section.4}% 27
\BOOKMARK [3][-]{subsubsection.4.4.1}{\376\377\060\307\060\374\060\277\151\313\220\040}{subsection.4.4}% 28
\BOOKMARK [3][-]{subsubsection.4.4.2}{\376\377\165\073\227\142\220\167\171\373\060\150\060\352\060\275\060\374\060\271\212\055\212\010}{subsection.4.4}% 29
\BOOKMARK [3][-]{subsubsection.4.4.3}{\376\377\165\073\227\142\220\167\171\373\126\363}{subsection.4.4}% 30
